253
11358
529
112
669
680
699
8553
254
3513
366
878
14
10546
9419
5786
8244
817
8183
486
9215
8441
418
513
878
167
840
182
876
8312
8924
252
485
3366
672
674
166
8237
4380
720
4191
885
7679
473
4554
981
69
432
821
5358
6545
11789
6810
390
457
135
6821
5182
584
861
886
3824
352
516
6978
13
131
10078
960
47
7780
437
582
9128
368
7266
9195
5991
809
661
313
929
638
10121
273
14
599
372
8773
7941
6900
7985
343
568
571
723
901
10006
-427
457
55
513
6351
7009
678
722
970
7638
901
822
311
1304
9174
299
3463
453
5110
-724
439
8401
9787
7255
102
472
9125
696
9056
8973
683
5925
217
691
3262
685
513
890
6559
7116
285
10659
8705
4901
8861
5971
679
-110
3956
572
696
791
6932
5323
64
391
159
771
3746
2375
145
313
6602
509
918
315
5630
6474
292
814
928
273
290
190
7282
151
705
7758
902
9641
522
10925
1239
8642
3870
10622
355
681
9329
367
4860
11527
709
11308
5866
3471
7653
1242
8049
-571
9676
8938
680
7743
5405
4
6259
199
5321
903
906
103
629
124
993
525
6114
6307
696
234
611
94
279
8150
7287
6851
34
9401
3046
621
590
78
150
781
583
5049
6859
505
11671
1498
9525
7426
877
966
5066
284
7206
235
-50
10549
768
227
795
521
3676
168
3307
5374
9220
173
496
603
991
8988
10007
5702
7719
9437
4015
10566
319
3792
7498
118
6483
11634
942
8915
3823
10957
518
8428
3792
11565
12
6733
12922
1078
10733
541
1334
6405
13
4600
1302
3678
179
11920
14291
921
1047
-444
11114
10691
6064
801
443
437
568
11473
1049
109
527
11805
13601
3552
370
385
3638
318
-92
586
870
356
6980
9277
8117
9578
815
172
270
5001
222
398
633
696
672
4113
9474
255
38
930
5159
738
2213
8928
771
3246
656
1386
7533
2035
6691
10127
10648
6270
1660
7613
583
7215
7105
885
688
13347
1166
7397
6709
11251
365
1330
4768
1470
575
10688
13698
1839
5330
-205
708
6572
1525
974
537
631
817
14181
126
641
398
453
905
440
165
7687
3593
776
9063
4970
852
9015
4679
460
355
8209
5022
229
7845
13836
437
9090
121
294
9136
745
601
6145
486
8321
553
1474
8619
11153
7877
8717
11520
1359
10101
4441
11712
7746
781
4249
5046
6987
591
794
192
507
6088
5293
270
753
9449
8469
8172
11568
124
7356
-249
12045
1530
187
321
5879
5676
6573
10598
322
8972
8070
13168
10731
12696
431
648
6993
5795
890
881
467
510
6983
5732
355
8300
150
596
510
342
229
6211
5458
7003
-423
450
1462
8030
11283
11438
11973
2488
4865
4235
411
942
2311
341
404
6709
558
13425
9836
1525
5741
4741
11560
7129
455
1110
6008
5684
904
17081
315
-457
14452
278
-304
10349
920
315
998
763
6284
13519
16489
6668
9094
414
845
6993
689
816
290
-1726
8429
611
875
9843
4885
7119
11
121
5900
5915
-607
6103
7296
255
591
5463
3367
259
151
6426
129
-56
7739
292
486
809
-539
74
9107
3033
210
1234
283
9574
7241
-110
1271
2658
342
-994
-172
4537
1029
-4870
1384
7825
15
1915
1662
-7563
3088
3509
722
-41
-1526
358
196
1617
-44
430
-599
-2790
666
1406
5601
-1199
-307
471
505
-231
-71
-2053
1132
-599
-636
-4932
-674
88
12046
7387
345
2971
-5071
1188
398
3193
4130
-9378
9781
-55
-1666
5859
-3732
145
-591
954
-392
-113
2232
88
675
-4406
153
8687
6036
381
153
-374
12970
477
-257
-541
-117
-769
6456
7022
73
4542
-3550
-268
4464
3532
-638
-1204
10835
-7572
552
-101
1004
982
536
1705
4509
5241
-1048
-59
-4478
212
-924
238
1374
3059
-941
423
1839
1279
398
409
9161
-599
-267
3179
-611
6142
3545
8453
371
-520
511
2549
340
9326
936
-255
-593
3027
-1206
7175
10736
712
-614
-445
1153
887
-477
-1778
796
3834
214
262
-1024
8633
-519
13
-628
1563
-339
1945
-957
361
596
8096
186
-1063
1404
3291
6226
-1942
-268
1377
9228
181
4135
4932
-3445
3567
956
-1473
7380
610
454
4485
5965
-20
-4186
-183
5242
-525
879
436
-485
-9449
-888
36
-311
1070
-1792
600
-95
8074
2362
-588
1079
373
1919
7217
-1175
972
-589
242
-164
5737
305
5803
1274
5680
-35
2361
5498
1813
1303
-2520
-148
6994
-324
4889
3488
-1522
-2175
80
-1929
-536
-390
-901
874
-291
3245
4701
8667
-557
-206
398
3430
206
65
6947
-2040
9162
668
2931
4031
-330
-386
10914
1036
886
182
480
2438
4306
137
8245
720
-296
-616
164
-1476
4188
6067
3491
1810
266
7086
613
971
601
742
-533
126
13696
1583
3302
-5126
-615
3490
1897
844
131
-796
2961
5716
8761
3606
1550
4983
3605
611
-564
1070
1691
-618
6400
5573
4339
14505
291
-474
-107
2988
-1466
1267
1424
1158
9371
-214
617
7247
737
1595
-450
1983
13520
6009
7144
-716
-2668
-2576
2151
-1624
2843
560
12
-154
657
8386
832
149
637
1884
96
9242
575
-51
705
-573
710
-12
-485
-2163
179
293
3757
-474
1058
1431
-470
-3040
-1871
429
-11
118
369
2187
-427
219
12093
-241
2893
-97
-4273
151
717
1248
-335
-472
5492
1333
11141
693
495
1405
645
1240
-272
8916
1156
169
2211
-229
2146
6345
705
136
1970
5192
-10295
4079
-1984
496
806
-758
-384
7330
62
4564
4069
1449
21
-881
-1829
-386
590
-416
-580
2456
-1087
4380
3286
48
-946
-1084
472
5060
-979
423
2086
-2560
-774
950
12834
4133
11250
-2511
898
3703
7677
-58
613
-193
3356
725
-455
-504
-31
6488
601
-466
264
159
2334
843
601
262
-470
103
323
5042
-411
856
1875
8085
-382
-298
1484
1007
1140
1978
3432
304
-598
13410
-1527
-3052
-3020
261
-1531
3839
4891
2245
8
534
177
-104
304
1763
1450
7236
4965
255
-412
-61
1228
-689
480
-1924
7657
-685
-6967
-208
-102
708
1824
921
-843
446
-183
503
6097
717
261
-621
341
-3932
-288
-2534
4083
4432
954
3328
-1128
4114
-1453
-367
2455
-648
-507
-336
4559
-3413
487
-390
3956
7172
638
793
898
4216
3772
-10810
-181
1099
-329
4670
778
-511
-2069
1061
5246
-131
8466
473
722
224
-804
626
7486
-2768
1691
-22
1560
614
1963
9304
3342
5530
11430
1434
-93
-541
-933
403
503
-3519
12054
2889
-767
-1184
834
3475
1268
-564
-1021
9879
2311
3340
-648
525
9785
885
2754
-594
5752
28
5085
-4
-2491
767
5164
1259
1686
-225
793
7094
596
2301
-2403
7736
-816
4071
-48
203
814
-4777
-3166
91
-564
-1125
159
3376
1282
4072
-524
1248
121
772
-1792
9495
-464
6572
145
276
-630
-877
-220
946
-1623
5736
-3152
3416
244
2310
-1675
3791
10625
-3795
-6102
3440
3873
356
1511
203
4754
12409
547
-205
2049
197
248
11798
253
7746
484
-315
1237
-1277
1042
-350
2966
7065
773
168
-14879
-3328
332
77
20
-6887
4307
4874
1212
1582
282
-767
-6
274
-193
-2414
892
972
-478
48
12446
282
1178
2670
-692
781
1362
2142
-7
5436
-2356
-183
1261
3857
264
3971
287
-119
-375
1975
-1175
1276
998
-342
-13514
1543
-222
1726
7374
1549
-209
184
615
-296
-1089
3172
1128
1211
7428
1911
224
621
1568
571
1094
-76
-995
-639
2074
362
500
-362
798
9900
2301
219
-925
7253
-1144
-1929
6033
6359
-1012
-557
-2732
6954
-441
4197
4128
366
1681
4978
1185
16
-282
-1282
708
702
-556
-1302
5841
1132
692
-83
-970
5795
20
8971
-722
4484
5505
-6836
2650
159
773
821
497
21
808
312
6841
-783
8796
8925
6752
-28
209
5221
153
603
1923
6143
-2371
-7485
476
2672
-115
1439
451
3379
-2422
3988
-616
799
-973
-3303
696
819
909
-425
54
1180
462
546
4986
859
219
1155
-890
3654
-559
616
4740
2083
286
238
808
1715
1510
-1380
346
340
4172
4591
-1005
231
-2485
1503
1046
-734
5882
-1509
5671
-48
-1510
-649
-788
-2087
294
-727
177
918
1001
5849
5405
-994
73
2087
-779
8942
558
5245
1433
4795
2719
130
1896
4227
-763
7441
6369
-64
1951
782
799
3982
1380
-659
1052
-360
268
12591
-472
-199
-82
155
906
4628
5470
-297
-481
-286
836
4774
5920
4546
8141
-1139
