345649153
649149585
750215443
238335626
905154371
706749446
869282314
438087727
252638735
957513714
689608398
64755386
170256360
939483276
233570496
153367164
191665969
917606605
55960356
787003648
402528667
451337665
584525956
855060048
808069216
27021972
13323943
888056317
609956804
99241702
678789737
884710983
508904270
594525153
467818207
311782425
940834396
350387878
511145376
608252524
313266789
456978426
434340657
48798756
61372936
348278367
687083443
393140429
76308880
196858231
84243528
981006890
403375620
630190289
292411104
629470958
872322348
288987559
26125280
281525656
948594014
650465036
593333303
278518007
187052669
893558421
158744210
854732709
36258999
272367927
322493406
970688253
482908069
878612128
790181586
116108581
900005752
800068954
800815895
17117089
609560490
886366017
799638590
627327962
681663542
157691767
503348443
448970965
533073733
35542035
859764380
597643744
948458262
937635446
323780253
677314817
895519851
717009692
606732120
528003725
7313529
688932441
160296669
989770956
36774436
47141852
247093938
914971773
537683222
326728724
446502649
733219418
194929091
611478160
933167762
354666362
723101110
352319462
721170198
168673196
671675710
794005135
269922205
699119471
194578806
299608265
469501829
553894458
980858276
498514815
840049243
143838446
113603097
794041265
533087854
590030214
32177438
436505888
628294053
788413458
748742738
616445041
496663993
979983944
443376629
224347531
279569438
100355772
443266712
501095547
702882055
446687040
21297989
497128726
734207979
962193206
45213163
20126811
632701913
356823946
138055854
676813151
474359446
622780452
422361190
806630020
635759414
576187714
440264065
90530767
260182748
23109236
855567195
83292674
211971501
40505478
314869429
833064456
964112605
337991934
974952095
660003940
970017716
341390637
325631244
614676184
26672508
233750918
361912210
628956155
237281255
372763433
700862584
581849558
193570053
600089551
500367785
529419782
258202436
146122374
175220105
568040218
751802634
576051717
882907924
3876598
490688816
321772549
789257840
201398111
791932885
197284242
385175785
11824021
879932270
658729118
495844235
307566258
994607247
825492525
680498448
813523923
435743839
255644416
886766568
951692682
6910723
983915864
458627010
563581005
302265010
340883362
828186659
922950005
414113887
898771220
150677876
616531213
241232406
568280724
751923455
68306315
714233446
100366043
454824159
517743113
495512392
249458872
499365041
741054255
366126969
189622411
369155498
352285815
819517730
495530287
188164303
533051523
616501085
820246345
587702071
467048009
771559075
92815945
50777845
971216964
420467911
208327509
245164416
53755953
889983715
238701505
702255137
206013687
791138507
448605647
508112655
465247511
33719238
506613945
679530904
250043587
953125318
110756091
839479290
477428661
693571649
505958728
280376983
133662321
834599694
603318831
228606331
385164785
950039126
992297018
478274979
244799944
691591815
928085126
441958899
423160226
164864226
627310991
434986048
323771436
676539699
37519700
84419325
150220624
425169198
850053847
335535568
667247510
682799483
442541089
291584318
111809692
416245346
683007290
734774884
48744292
450612966
645559103
111245401
791390438
43523135
533133315
54264386
472540025
127498045
218802689
480057226
140174850
100289295
706843796
982295010
597162859
132896370
790493800
360342350
503888418
918311308
782066584
400632974
103812259
303459624
992687594
994899416
494769100
920270526
481982447
794905136
442205455
263013921
19456315
448172259
631997015
512218098
762796709
727646358
749843955
525277031
529274779
176230858
556391305
323247205
498470648
444380215
831567198
839780812
331703258
684519757
380371060
872975014
118619614
298237391
79841196
464923455
520270154
634441487
113789290
974962232
630617903
843987619
150380182
275864798
703826839
315582088
820401642
885295903
813377236
763639631
61813976
755129658
642047016
314238492
684634886
439283504
206638266
215473994
212679292
724862928
882054666
753927312
279853520
65302570
906117270
625802792
473044625
206266761
405589755
946340696
364281662
439210955
391271371
768975367
498996673
459126937
110290873
535902377
123095907
569366188
66415259
3116991
326577383
288220645
371050703
858906668
811875555
531583582
178660418
758467082
717804392
647454123
752779387
266789797
703591411
518543295
743556565
323034616
394329671
998711058
470159747
65042742
528457901
130704335
801812536
114737343
666670412
225189767
250231423
894639498
161727245
144195601
573034724
114701585
854261848
283546247
631115614
346594665
340913490
397732405
401684738
745053244
263115133
497353212
429521659
461399667
851736938
145260237
902309826
100258252
856102240
31995522
149115042
782112183
242823442
663172932
225837722
565961363
341579850
135435563
420612055
381108331
801344124
293605395
580930542
311510998
428412334
646772864
492574664
639675822
578002672
487950110
276571222
132396102
951162250
470752229
425486210
366337182
425486210
470752229
951162250
132396102
276571222
487950110
578002672
639675822
492574664
646772864
428412334
311510998
580930542
293605395
801344124
381108331
420612055
135435563
341579850
565961363
225837722
663172932
242823442
782112183
149115042
31995522
856102240
100258252
902309826
145260237
851736938
461399667
429521659
497353212
263115133
745053244
401684738
397732405
340913490
346594665
631115614
283546247
854261848
114701585
573034724
144195601
161727245
894639498
250231423
225189767
666670412
114737343
801812536
130704335
528457901
65042742
470159747
998711058
394329671
323034616
743556565
518543295
703591411
266789797
752779387
647454123
717804392
758467082
178660418
531583582
811875555
858906668
371050703
288220645
326577383
3116991
66415259
569366188
123095907
535902377
110290873
459126937
498996673
768975367
391271371
439210955
364281662
946340696
405589755
206266761
473044625
625802792
906117270
65302570
279853520
753927312
882054666
724862928
212679292
215473994
206638266
439283504
684634886
314238492
642047016
755129658
61813976
763639631
813377236
885295903
820401642
315582088
703826839
275864798
150380182
843987619
630617903
974962232
113789290
634441487
520270154
464923455
79841196
298237391
118619614
872975014
380371060
684519757
331703258
839780812
831567198
444380215
498470648
323247205
556391305
176230858
529274779
525277031
749843955
727646358
762796709
512218098
631997015
448172259
19456315
263013921
442205455
794905136
481982447
920270526
494769100
994899416
992687594
303459624
103812259
400632974
782066584
918311308
503888418
360342350
790493800
132896370
597162859
982295010
706843796
100289295
140174850
480057226
218802689
127498045
472540025
54264386
533133315
43523135
791390438
111245401
645559103
450612966
48744292
734774884
683007290
416245346
111809692
291584318
442541089
682799483
667247510
335535568
850053847
425169198
150220624
84419325
37519700
676539699
323771436
434986048
627310991
164864226
423160226
441958899
928085126
691591815
244799944
478274979
992297018
950039126
385164785
228606331
603318831
834599694
133662321
280376983
505958728
693571649
477428661
839479290
110756091
953125318
250043587
679530904
506613945
33719238
465247511
508112655
448605647
791138507
206013687
702255137
238701505
889983715
53755953
245164416
208327509
420467911
971216964
50777845
92815945
771559075
467048009
587702071
820246345
616501085
533051523
188164303
495530287
819517730
352285815
369155498
189622411
366126969
741054255
499365041
249458872
495512392
517743113
454824159
100366043
714233446
68306315
751923455
568280724
241232406
616531213
150677876
898771220
414113887
922950005
828186659
340883362
302265010
563581005
458627010
983915864
6910723
951692682
886766568
255644416
435743839
813523923
680498448
825492525
994607247
307566258
495844235
658729118
879932270
11824021
385175785
197284242
791932885
201398111
789257840
321772549
490688816
3876598
882907924
576051717
751802634
568040218
175220105
146122374
258202436
529419782
500367785
600089551
193570053
581849558
700862584
372763433
237281255
628956155
361912210
233750918
26672508
614676184
325631244
341390637
970017716
660003940
974952095
337991934
964112605
833064456
314869429
40505478
211971501
83292674
855567195
23109236
260182748
90530767
440264065
576187714
635759414
806630020
422361190
622780452
474359446
676813151
138055854
356823946
632701913
20126811
45213163
962193206
734207979
497128726
21297989
446687040
702882055
501095547
443266712
100355772
279569438
224347531
443376629
979983944
496663993
616445041
748742738
788413458
628294053
436505888
32177438
590030214
533087854
794041265
113603097
143838446
840049243
498514815
980858276
553894458
469501829
299608265
194578806
699119471
269922205
794005135
671675710
168673196
721170198
352319462
723101110
354666362
933167762
611478160
194929091
733219418
446502649
326728724
537683222
914971773
247093938
47141852
36774436
989770956
160296669
688932441
7313529
528003725
606732120
717009692
895519851
677314817
323780253
937635446
948458262
597643744
859764380
35542035
533073733
448970965
503348443
157691767
681663542
627327962
799638590
886366017
609560490
17117089
800815895
800068954
900005752
116108581
790181586
878612128
482908069
970688253
322493406
272367927
36258999
854732709
158744210
893558421
187052669
278518007
593333303
650465036
948594014
281525656
26125280
288987559
872322348
629470958
292411104
630190289
403375620
981006890
84243528
196858231
76308880
393140429
687083443
348278367
61372936
48798756
434340657
456978426
313266789
608252524
511145376
350387878
940834396
311782425
467818207
594525153
508904270
884710983
678789737
99241702
609956804
888056317
13323943
27021972
808069216
855060048
584525956
451337665
402528667
787003648
55960356
917606605
191665969
153367164
233570496
939483276
170256360
64755386
689608398
957513714
252638735
438087727
869282314
706749446
905154371
238335626
750215443
649149585
345649152
