0
0
663995171
0
2047774246
4097570569
3554358675
1398082374
364496074
165646827
0
926396667
616509953
2453858300
0
23915214
2727241488
580859291
212478750
30355757
0
4630207607
313202372
3337905273
3930586001
2542566
0
1147066314
0
1416695
38451139
1559338714
8414382936
101745242
0
228779634
3465841529
396034975
609430306
4585880114
536437560
1947666997
744186764
866406973
135178411
254808810
339735292
1614477148
0
258226547
2993856549
0
1206342534
53762529
0
1614477148
0
1510292638
0
0
1003331224
52907456
0
0
1005560786
237854822
0
217592563
136032182
121858090
70775654
458201651
1009621438
2093375572
58816507
0
1024652180
0
3218625364
0
283505889
1152321447
133423188
821860518
0
1186127176
364496074
84533497
0
10855027021
0
4035944479
112739891
167276047
38062149
616509953
0
4130674719
0
181062849
0
1794668828
258859168
17737015587
0
7666810285
0
1469201001
0
1410142253
4585754151
3168729854
0
0
3410185383
0
4074739554
585512494
146038607
1786228678
0
313202372
1453304875
0
2768855930
351781762
6437301
20993659
0
1045229973
215178060
337578343
1049417002
918936115
45628055
0
0
1394617995
227248544
3002088472
1663514
3393377543
1238989733
189388877
348530102
92065855
802328700
4403112053
998334388
840292230
0
3779199978
120044961
10383300358
1703846083
127262109
142155446
534565101
4773648448
732678525
0
313202372
0
5228067280
479495906
2745244309
0
0
3066724114
0
106593826
262744890
0
0
341881572
0
58165920
0
359955178
3500142216
2389059562
0
1078940175
291022289
432866865
1734084591
105140507
1105251351
1618352446
1208567967
762105060
175700397
2763270659
728640293
20850734
2536481480
3665869765
905291581
198685473
1110042812
0
4215450883
1533362057
2028818953
1305890242
3573899537
313504926
6108159
0
0
0
243752880
2603393648
1381683858
0
0
1951553884
729330977
194861031
0
0
2294831710
0
0
293356673
1410142253
4068910147
98458129
0
52318142
4880722
866591631
998334388
121242603
0
258353480
6400057448
810507491
138234158
101156281
0
0
6359735845
2268509348
922408626
697317898
349803243
28330045
0
0
1670086985
72053685
0
0
0
684763204
1176365582
0
117596305
0
156276611
3192801554
1045660234
0
0
792516080
1224130281
174698671
0
434997912
29602854
1021545695
3540978742
1270999550
0
272122310
60665986
0
1590544257
0
15191292
4052877282
467252576
6548397343
0
0
97264500
313202372
698068117
0
0
0
0
5233438930
0
699928615
49355043
697213548
315609177
1064601073
112708820
157574134
50718969
1152321447
3534885
113451979
2774714786
536437560
0
4694364899
2260958612
181107570
0
732678525
1584712280
252874687
4493473
2139486127
0
136085249
1645793150
2703318278
221484092
1479480066
2303308394
171988989
0
1315898192
0
1102695078
0
0
431974849
5659680313
423042676
667101022
0
734445967
764946115
584537630
46493963
0
0
236390622
0
0
713471972
1659764232
465350558
0
1465619730
207877891
0
7235115712
2580979064
49516417
3843427735
0
3114773227
0
544410100
22559713
204359946
3663407251
273131133
1198159024
12845433
3066724114
490425847
2308162791
582150
6595776730
0
1226159676
0
5148015006
0
0
31476294
814357226
1023152373
94800104
199743036
1832934882
1470222696
0
138912928
0
0
992529205
448907029
163733893
1789309887
0
995299620
74342691
0
656673874
0
0
295095485
2388938062
217883857
429399592
0
448652903
312699816
162774310
0
2210635035
1323697578
0
2592994644
1291080747
0
857610968
101745242
313202372
0
504537287
0
7634043827
0
0
562784378
2286087866
0
1959307330
589713940
0
1404238762
943066634
5189124524
3665061048
0
1549030702
807537913
1061313598
326698890
0
482264118
0
864854087
52376624
942479076
4489999005
1378253787
2252871288
0
336171186
585078356
0
0
2844616008
1306576952
113473917
0
410970560
147229412
121184494
0
140576395
105509649
1975384247
2415861072
0
29120609
5233438930
0
1904431722
270428304
2542566
1186127176
840292230
428179376
0
1124006890
3518484
3117567841
0
0
0
0
1195936284
0
0
318461215
0
967002261
441497214
0
705741540
5336539384
311539965
1532038390
0
9983343880
0
0
2774066876
0
387214004
0
0
1521764522
0
0
0
743816418
115098417
109723447
5757976280
0
2432737166
0
872033091
0
19724043
1567727743
1410142253
0
2916515931
6905180536
0
0
1824747274
3706702354
222974195
0
0
1291080747
0
42379059
82792986
55558461
0
1561889798
0
0
727913007
0
1202009987
0
3679803952
422009131
9360140
832161605
63222292
0
4889923024
313202372
0
0
11426207
0
814212026
392853636
0
0
493545769
0
0
0
0
4860845384
0
0
810121205
0
0
185393281
0
0
0
965983727
5830255444
225432721
0
5189124524
0
1080896988
0
0
7327789551
327476647
0
5665458000
1726295134
531764121
188225414
5620919946
0
610978294
2557230864
19724043
0
4041226341
1621617349
28070358
935028029
3063613221
2678343323
1292232335
1561033700
0
198065120
476397097
1099549008
0
0
452122443
173477332
1469201001
0
1652485978
3670360248
0
353422089
0
932961709
1820034652
127434771
5189124524
8426075485
357163969
0
0
540304107
708546549
1296497322
1197270609
137965495
0
515234444
7505662900
29602854
0
1379926482
2564144922
0
1886236818
2365477905
68129041
326872096
0
861050984
1265810207
701450617
0
1194403627
0
202704580
0
2349857638
0
0
51692213
278135894
331667721
0
1381991558
288920306
2393413856
1933493808
0
0
696588321
817840829
4425560475
0
0
473714061
431762154
0
1351296295
172669426
817953638
4140873445
811451040
339846961
0
0
80271604
1589899359
5275403771
4052362687
0
13801677
0
1248371648
0
695795403
190250256
0
0
112708820
6723054
63030879
516274540
0
381200584
2739593231
1361817355
185976467
19490702
3526699608
3399948604
1964532297
0
107886848
2740589317
2505264426
1964459479
1644795092
0
893128615
21324631
0
2687802527
5057945
92125245
0
0
15735501782
1484599465
0
112708820
1276836820
961394941
182048642
10384558600
0
1454739900
0
0
936868508
2405780645
110336608
4299596513
151299243
2038112956
3790340253
9129958260
6699114444
809728237
178565638
0
3022337235
0
83721507
118094991
0
1210699492
569309319
0
768314308
1394037972
3524801094
4784090716
623825081
0
12867102645
1558320714
0
1048935185
339685492
1394975181
163733893
3438411758
0
1786001226
705741540
2093375572
998334388
283668901
2913081650
1602656548
0
0
904494297
0
105923784
62688397
0
2241010904
6605984
4499257326
5214241581
260178771
649499063
35929359
6699114444
668836038
870463264
47061381
125864932
1234627441
1876191651
7299315498
282965919
0
1514766228
936093303
3530067433
0
1621515165
1470222696
2002442965
0
715259811
3567514557
69156487
0
0
1670380737
0
723760620
954664785
474651141
0
0
381223977
0
162906402
2605755
2541599743
337578343
600228460
445800503
1819890137
0
648222734
198505841
17274176
0
97264500
106969387
0
1600014362
1180653200
6577249812
0
87643051
731030561
0
0
687130643
422968437
6665560
0
0
888431658
10919847888
0
1245939805
19288177803
536437560
2748169925
2294831710
2336118614
915969817
2156502447
897487968
492800313
55672542
3030928292
72934078
1838954709
0
748946405
0
6235269505
113627814
0
0
122970020
170838799
1068275797
364496074
776326705
1535213013
0
1645634548
799203329
259534141
177680865
40871989
281190166
1436298621
0
2005599672
2044059116
427654297
0
2592813076
0
0
0
55241629
0
2294831710
400292961
3414872125
278161598
328586728
74342691
149466482
0
2673987292
3889643435
375234889
1291719377
3993337552
165827376
615978931
1081514424
656516220
2530971927
1828341950
290330997
364496074
975588338
235744948
1022108790
0
0
0
692811267
190250256
864331548
1226689645
767191022
217762825
2389435045
315256665
0
599952422
830525446
12992881840
5558259600
539563517
1445469417
0
335892086
2559026594
0
644396654
615930254
1237830334
1465078169
7986675104
431087049
192122290
145118589
0
576022385
5071327638
501255455
0
0
7701018346
0
807537913
0
1146521091
0
0
168575610
0
719758017
0
7986675104
369502970
2175276207
0
0
128059309
0
198685473
1023583668
1667752555
6665560
2397241830
481260933
761733230
682407091
834921304
1206342534
92065855
6376920060
0
3030928292
0
0
516274540
0
3194154335
803156862
0
0
